{"level":"\u001b[32minfo\u001b[39m","message":"Server is running at http://localhost:5000","timestamp":"2022-09-10T11:48:24+07:00"}
{"level":"\u001b[32minfo\u001b[39m","message":"Connection has been established successfully.","timestamp":"2022-09-10T11:48:25+07:00"}
{"level":"\u001b[32minfo\u001b[39m","message":"Server is running at http://localhost:5000","timestamp":"2022-09-10T11:49:16+07:00"}
{"level":"\u001b[32minfo\u001b[39m","message":"Connection has been established successfully.","timestamp":"2022-09-10T11:49:17+07:00"}
{"level":"\u001b[32minfo\u001b[39m","message":"Server is running at http://localhost:5000","timestamp":"2022-09-10T11:49:50+07:00"}
{"level":"\u001b[32minfo\u001b[39m","message":"Connection has been established successfully.","timestamp":"2022-09-10T11:49:50+07:00"}
{"level":"\u001b[32minfo\u001b[39m","message":"Server is running at http://localhost:5000","timestamp":"2022-09-10T11:50:03+07:00"}
{"level":"\u001b[32minfo\u001b[39m","message":"Connection has been established successfully.","timestamp":"2022-09-10T11:50:04+07:00"}
{"level":"\u001b[32minfo\u001b[39m","message":"Server is running at http://localhost:5000","timestamp":"2022-09-10T11:50:32+07:00"}
{"level":"\u001b[32minfo\u001b[39m","message":"Connection has been established successfully.","timestamp":"2022-09-10T11:50:32+07:00"}
{"level":"\u001b[32minfo\u001b[39m","message":"Server is running at http://localhost:5000","timestamp":"2022-09-10T11:50:57+07:00"}
{"level":"\u001b[32minfo\u001b[39m","message":"Connection has been established successfully.","timestamp":"2022-09-10T11:50:58+07:00"}
{"level":"\u001b[32minfo\u001b[39m","message":"Server is running at http://localhost:5000","timestamp":"2022-09-10T11:51:43+07:00"}
{"level":"\u001b[32minfo\u001b[39m","message":"Connection has been established successfully.","timestamp":"2022-09-10T11:51:44+07:00"}
{"level":"\u001b[32minfo\u001b[39m","message":"Server is running at http://localhost:5000","timestamp":"2022-09-10T11:51:53+07:00"}
{"level":"\u001b[32minfo\u001b[39m","message":"Connection has been established successfully.","timestamp":"2022-09-10T11:51:54+07:00"}
{"level":"\u001b[32minfo\u001b[39m","message":"Server is running at http://localhost:5000","timestamp":"2022-09-10T11:52:23+07:00"}
{"level":"\u001b[32minfo\u001b[39m","message":"Connection has been established successfully.","timestamp":"2022-09-10T11:52:24+07:00"}
{"level":"\u001b[32minfo\u001b[39m","message":"Server is running at http://localhost:5000","timestamp":"2022-09-10T11:52:31+07:00"}
{"level":"\u001b[32minfo\u001b[39m","message":"Connection has been established successfully.","timestamp":"2022-09-10T11:52:32+07:00"}
{"level":"\u001b[32minfo\u001b[39m","message":"Server is running at http://localhost:5000","timestamp":"2022-09-10T11:52:42+07:00"}
{"level":"\u001b[32minfo\u001b[39m","message":"Connection has been established successfully.","timestamp":"2022-09-10T11:52:43+07:00"}
{"level":"\u001b[32minfo\u001b[39m","message":"Server is running at http://localhost:5000","timestamp":"2022-09-10T12:47:30+07:00"}
{"level":"\u001b[32minfo\u001b[39m","message":"Connection has been established successfully.","timestamp":"2022-09-10T12:47:30+07:00"}
{"level":"\u001b[32minfo\u001b[39m","message":"::1 - - [10/Sep/2022:05:47:33 +0000] \"GET / HTTP/1.1\" 404 139 \"-\" \"Mozilla/5.0 (Windows NT 10.0; Win64; x64) AppleWebKit/537.36 (KHTML, like Gecko) Chrome/105.0.0.0 Safari/537.36\"\n","timestamp":"2022-09-10T12:47:33+07:00"}
{"level":"\u001b[32minfo\u001b[39m","message":"Server is running at http://localhost:5000","timestamp":"2022-09-10T12:48:25+07:00"}
{"level":"\u001b[32minfo\u001b[39m","message":"Connection has been established successfully.","timestamp":"2022-09-10T12:48:25+07:00"}
{"level":"\u001b[32minfo\u001b[39m","message":"::1 - - [10/Sep/2022:05:48:59 +0000] \"GET /api/products HTTP/1.1\" - - \"-\" \"Mozilla/5.0 (Windows NT 10.0; Win64; x64) AppleWebKit/537.36 (KHTML, like Gecko) Chrome/105.0.0.0 Safari/537.36\"\n","timestamp":"2022-09-10T12:48:59+07:00"}
{"level":"\u001b[32minfo\u001b[39m","message":"Server is running at http://localhost:5000","timestamp":"2022-09-10T12:49:14+07:00"}
{"level":"\u001b[32minfo\u001b[39m","message":"Connection has been established successfully.","timestamp":"2022-09-10T12:49:15+07:00"}
{"level":"\u001b[32minfo\u001b[39m","message":"Server is running at http://localhost:5000","timestamp":"2022-09-10T12:49:29+07:00"}
{"level":"\u001b[32minfo\u001b[39m","message":"Connection has been established successfully.","timestamp":"2022-09-10T12:49:30+07:00"}
{"level":"\u001b[32minfo\u001b[39m","message":"::1 - - [10/Sep/2022:05:49:31 +0000] \"GET /api/products HTTP/1.1\" 200 16 \"-\" \"Mozilla/5.0 (Windows NT 10.0; Win64; x64) AppleWebKit/537.36 (KHTML, like Gecko) Chrome/105.0.0.0 Safari/537.36\"\n","timestamp":"2022-09-10T12:49:31+07:00"}
{"level":"\u001b[32minfo\u001b[39m","message":"::1 - - [10/Sep/2022:05:49:32 +0000] \"GET /favicon.ico HTTP/1.1\" 404 150 \"-\" \"Mozilla/5.0 (Windows NT 10.0; Win64; x64) AppleWebKit/537.36 (KHTML, like Gecko) Chrome/105.0.0.0 Safari/537.36\"\n","timestamp":"2022-09-10T12:49:32+07:00"}
{"level":"\u001b[32minfo\u001b[39m","message":"Server is running at http://localhost:5000","timestamp":"2022-09-10T12:51:47+07:00"}
{"level":"\u001b[32minfo\u001b[39m","message":"Connection has been established successfully.","timestamp":"2022-09-10T12:51:47+07:00"}
{"level":"\u001b[32minfo\u001b[39m","message":"Server is running at http://localhost:5000","timestamp":"2022-09-10T12:52:57+07:00"}
{"level":"\u001b[32minfo\u001b[39m","message":"Connection has been established successfully.","timestamp":"2022-09-10T12:52:57+07:00"}
{"level":"\u001b[32minfo\u001b[39m","message":"Server is running at http://localhost:5000","timestamp":"2022-09-10T12:53:02+07:00"}
{"level":"\u001b[32minfo\u001b[39m","message":"Connection has been established successfully.","timestamp":"2022-09-10T12:53:03+07:00"}
{"level":"\u001b[32minfo\u001b[39m","message":"Server is running at http://localhost:5000","timestamp":"2022-09-10T12:53:07+07:00"}
{"level":"\u001b[32minfo\u001b[39m","message":"Connection has been established successfully.","timestamp":"2022-09-10T12:53:08+07:00"}
{"level":"\u001b[32minfo\u001b[39m","message":"Server is running at http://localhost:5000","timestamp":"2022-09-10T12:53:13+07:00"}
{"level":"\u001b[32minfo\u001b[39m","message":"Connection has been established successfully.","timestamp":"2022-09-10T12:53:13+07:00"}
{"level":"\u001b[32minfo\u001b[39m","message":"Server is running at http://localhost:5000","timestamp":"2022-09-10T13:00:17+07:00"}
{"level":"\u001b[32minfo\u001b[39m","message":"Connection has been established successfully.","timestamp":"2022-09-10T13:00:18+07:00"}
{"level":"\u001b[32minfo\u001b[39m","message":"Server is running at http://localhost:5000","timestamp":"2022-09-10T13:00:38+07:00"}
{"level":"\u001b[32minfo\u001b[39m","message":"Connection has been established successfully.","timestamp":"2022-09-10T13:00:39+07:00"}
{"level":"\u001b[32minfo\u001b[39m","message":"Server is running at http://localhost:5000","timestamp":"2022-09-10T13:01:24+07:00"}
{"level":"\u001b[32minfo\u001b[39m","message":"Connection has been established successfully.","timestamp":"2022-09-10T13:01:24+07:00"}
{"level":"\u001b[32minfo\u001b[39m","message":"Server is running at http://localhost:5000","timestamp":"2022-09-10T13:04:57+07:00"}
{"level":"\u001b[32minfo\u001b[39m","message":"Connection has been established successfully.","timestamp":"2022-09-10T13:04:58+07:00"}
{"level":"\u001b[32minfo\u001b[39m","message":"Server is running at http://localhost:5000","timestamp":"2022-09-10T13:05:04+07:00"}
{"level":"\u001b[32minfo\u001b[39m","message":"Connection has been established successfully.","timestamp":"2022-09-10T13:05:05+07:00"}
{"level":"\u001b[32minfo\u001b[39m","message":"Server is running at http://localhost:5000","timestamp":"2022-09-10T13:05:50+07:00"}
{"level":"\u001b[32minfo\u001b[39m","message":"Connection has been established successfully.","timestamp":"2022-09-10T13:05:51+07:00"}
{"level":"\u001b[32minfo\u001b[39m","message":"Server is running at http://localhost:5000","timestamp":"2022-09-10T13:07:31+07:00"}
{"level":"\u001b[32minfo\u001b[39m","message":"Connection has been established successfully.","timestamp":"2022-09-10T13:07:31+07:00"}
{"level":"\u001b[32minfo\u001b[39m","message":"Server is running at http://localhost:5000","timestamp":"2022-09-10T13:07:44+07:00"}
{"level":"\u001b[32minfo\u001b[39m","message":"Connection has been established successfully.","timestamp":"2022-09-10T13:07:45+07:00"}
{"level":"\u001b[32minfo\u001b[39m","message":"Server is running at http://localhost:5000","timestamp":"2022-09-10T13:09:27+07:00"}
{"level":"\u001b[32minfo\u001b[39m","message":"Connection has been established successfully.","timestamp":"2022-09-10T13:09:28+07:00"}
{"level":"\u001b[32minfo\u001b[39m","message":"Server is running at http://localhost:5000","timestamp":"2022-09-10T13:10:19+07:00"}
{"level":"\u001b[32minfo\u001b[39m","message":"Connection has been established successfully.","timestamp":"2022-09-10T13:10:20+07:00"}
{"level":"\u001b[32minfo\u001b[39m","message":"Server is running at http://localhost:5000","timestamp":"2022-09-10T13:11:18+07:00"}
{"level":"\u001b[32minfo\u001b[39m","message":"Connection has been established successfully.","timestamp":"2022-09-10T13:11:18+07:00"}
{"level":"\u001b[32minfo\u001b[39m","message":"Server is running at http://localhost:5000","timestamp":"2022-09-10T13:12:18+07:00"}
{"level":"\u001b[32minfo\u001b[39m","message":"Connection has been established successfully.","timestamp":"2022-09-10T13:12:18+07:00"}
{"level":"\u001b[32minfo\u001b[39m","message":"Server is running at http://localhost:5000","timestamp":"2022-09-10T13:13:24+07:00"}
{"level":"\u001b[32minfo\u001b[39m","message":"Connection has been established successfully.","timestamp":"2022-09-10T13:13:25+07:00"}
{"level":"\u001b[32minfo\u001b[39m","message":"Server is running at http://localhost:5000","timestamp":"2022-09-10T13:13:31+07:00"}
{"level":"\u001b[32minfo\u001b[39m","message":"Connection has been established successfully.","timestamp":"2022-09-10T13:13:31+07:00"}
{"level":"\u001b[32minfo\u001b[39m","message":"Server is running at http://localhost:5000","timestamp":"2022-09-10T13:16:05+07:00"}
{"level":"\u001b[32minfo\u001b[39m","message":"Connection has been established successfully.","timestamp":"2022-09-10T13:16:05+07:00"}
{"level":"\u001b[32minfo\u001b[39m","message":"Server is running at http://localhost:5000","timestamp":"2022-09-10T13:16:33+07:00"}
{"level":"\u001b[32minfo\u001b[39m","message":"Connection has been established successfully.","timestamp":"2022-09-10T13:16:33+07:00"}
{"level":"\u001b[32minfo\u001b[39m","message":"Server is running at http://localhost:5000","timestamp":"2022-09-10T13:16:54+07:00"}
{"level":"\u001b[32minfo\u001b[39m","message":"Connection has been established successfully.","timestamp":"2022-09-10T13:16:55+07:00"}
{"level":"\u001b[32minfo\u001b[39m","message":"Server is running at http://localhost:5000","timestamp":"2022-09-10T13:17:10+07:00"}
{"level":"\u001b[32minfo\u001b[39m","message":"Connection has been established successfully.","timestamp":"2022-09-10T13:17:11+07:00"}
{"level":"\u001b[32minfo\u001b[39m","message":"Server is running at http://localhost:5000","timestamp":"2022-09-10T13:19:41+07:00"}
{"level":"\u001b[32minfo\u001b[39m","message":"Connection has been established successfully.","timestamp":"2022-09-10T13:19:41+07:00"}
{"level":"\u001b[32minfo\u001b[39m","message":"Server is running at http://localhost:5000","timestamp":"2022-09-10T13:21:27+07:00"}
{"level":"\u001b[32minfo\u001b[39m","message":"Connection has been established successfully.","timestamp":"2022-09-10T13:21:27+07:00"}
{"level":"\u001b[32minfo\u001b[39m","message":"Server is running at http://localhost:5000","timestamp":"2022-09-10T13:22:09+07:00"}
{"level":"\u001b[32minfo\u001b[39m","message":"Connection has been established successfully.","timestamp":"2022-09-10T13:22:10+07:00"}
{"level":"\u001b[32minfo\u001b[39m","message":"Server is running at http://localhost:5000","timestamp":"2022-09-10T13:22:18+07:00"}
{"level":"\u001b[32minfo\u001b[39m","message":"Connection has been established successfully.","timestamp":"2022-09-10T13:22:19+07:00"}
{"level":"\u001b[32minfo\u001b[39m","message":"Server is running at http://localhost:5000","timestamp":"2022-09-10T13:22:31+07:00"}
{"level":"\u001b[32minfo\u001b[39m","message":"Connection has been established successfully.","timestamp":"2022-09-10T13:22:31+07:00"}
{"level":"\u001b[32minfo\u001b[39m","message":"Server is running at http://localhost:5000","timestamp":"2022-09-10T13:22:34+07:00"}
{"level":"\u001b[32minfo\u001b[39m","message":"Connection has been established successfully.","timestamp":"2022-09-10T13:22:35+07:00"}
{"level":"\u001b[32minfo\u001b[39m","message":"Server is running at http://localhost:5000","timestamp":"2022-09-10T13:28:26+07:00"}
{"level":"\u001b[32minfo\u001b[39m","message":"Connection has been established successfully.","timestamp":"2022-09-10T13:28:26+07:00"}
{"level":"\u001b[32minfo\u001b[39m","message":"Server is running at http://localhost:5000","timestamp":"2022-09-10T13:29:42+07:00"}
{"level":"\u001b[32minfo\u001b[39m","message":"Connection has been established successfully.","timestamp":"2022-09-10T13:29:43+07:00"}
{"level":"\u001b[32minfo\u001b[39m","message":"Server is running at http://localhost:5000","timestamp":"2022-09-10T13:29:55+07:00"}
{"level":"\u001b[32minfo\u001b[39m","message":"Connection has been established successfully.","timestamp":"2022-09-10T13:29:55+07:00"}
{"level":"\u001b[32minfo\u001b[39m","message":"Server is running at http://localhost:5000","timestamp":"2022-09-10T13:30:08+07:00"}
{"level":"\u001b[32minfo\u001b[39m","message":"Connection has been established successfully.","timestamp":"2022-09-10T13:30:09+07:00"}
{"level":"\u001b[32minfo\u001b[39m","message":"Server is running at http://localhost:5000","timestamp":"2022-09-10T13:30:23+07:00"}
{"level":"\u001b[32minfo\u001b[39m","message":"Connection has been established successfully.","timestamp":"2022-09-10T13:30:24+07:00"}
{"level":"\u001b[32minfo\u001b[39m","message":"Server is running at http://localhost:5000","timestamp":"2022-09-10T13:31:25+07:00"}
{"level":"\u001b[32minfo\u001b[39m","message":"Connection has been established successfully.","timestamp":"2022-09-10T13:31:25+07:00"}
{"level":"\u001b[32minfo\u001b[39m","message":"Server is running at http://localhost:5000","timestamp":"2022-09-10T13:31:48+07:00"}
{"level":"\u001b[32minfo\u001b[39m","message":"Connection has been established successfully.","timestamp":"2022-09-10T13:31:48+07:00"}
{"level":"\u001b[32minfo\u001b[39m","message":"Server is running at http://localhost:5000","timestamp":"2022-09-10T13:40:58+07:00"}
{"level":"\u001b[32minfo\u001b[39m","message":"Connection has been established successfully.","timestamp":"2022-09-10T13:40:58+07:00"}
{"level":"\u001b[32minfo\u001b[39m","message":"Server is running at http://localhost:5000","timestamp":"2022-09-10T13:42:10+07:00"}
{"level":"\u001b[32minfo\u001b[39m","message":"Connection has been established successfully.","timestamp":"2022-09-10T13:42:10+07:00"}
{"level":"\u001b[32minfo\u001b[39m","message":"Server is running at http://localhost:5000","timestamp":"2022-09-10T13:43:12+07:00"}
{"level":"\u001b[32minfo\u001b[39m","message":"Connection has been established successfully.","timestamp":"2022-09-10T13:43:13+07:00"}
{"level":"\u001b[32minfo\u001b[39m","message":"Server is running at http://localhost:5000","timestamp":"2022-09-10T13:43:15+07:00"}
{"level":"\u001b[32minfo\u001b[39m","message":"Connection has been established successfully.","timestamp":"2022-09-10T13:43:16+07:00"}
{"level":"\u001b[32minfo\u001b[39m","message":"Server is running at http://localhost:5000","timestamp":"2022-09-10T13:43:33+07:00"}
{"level":"\u001b[32minfo\u001b[39m","message":"Connection has been established successfully.","timestamp":"2022-09-10T13:43:33+07:00"}
{"level":"\u001b[32minfo\u001b[39m","message":"Server is running at http://localhost:5000","timestamp":"2022-09-10T13:43:37+07:00"}
{"level":"\u001b[32minfo\u001b[39m","message":"Connection has been established successfully.","timestamp":"2022-09-10T13:43:38+07:00"}
{"level":"\u001b[32minfo\u001b[39m","message":"Server is running at http://localhost:5000","timestamp":"2022-09-10T13:43:49+07:00"}
{"level":"\u001b[32minfo\u001b[39m","message":"Connection has been established successfully.","timestamp":"2022-09-10T13:43:49+07:00"}
{"level":"\u001b[32minfo\u001b[39m","message":"Server is running at http://localhost:5000","timestamp":"2022-09-10T13:45:57+07:00"}
{"level":"\u001b[32minfo\u001b[39m","message":"Connection has been established successfully.","timestamp":"2022-09-10T13:45:57+07:00"}
{"level":"\u001b[32minfo\u001b[39m","message":"Server is running at http://localhost:5000","timestamp":"2022-09-10T13:46:05+07:00"}
{"level":"\u001b[32minfo\u001b[39m","message":"Connection has been established successfully.","timestamp":"2022-09-10T13:46:05+07:00"}
{"level":"\u001b[32minfo\u001b[39m","message":"Server is running at http://localhost:5000","timestamp":"2022-09-10T13:46:19+07:00"}
{"level":"\u001b[32minfo\u001b[39m","message":"Connection has been established successfully.","timestamp":"2022-09-10T13:46:19+07:00"}
{"level":"\u001b[32minfo\u001b[39m","message":"Server is running at http://localhost:5000","timestamp":"2022-09-10T13:46:34+07:00"}
{"level":"\u001b[32minfo\u001b[39m","message":"Connection has been established successfully.","timestamp":"2022-09-10T13:46:34+07:00"}
{"level":"\u001b[32minfo\u001b[39m","message":"Server is running at http://localhost:5000","timestamp":"2022-09-10T13:46:42+07:00"}
{"level":"\u001b[32minfo\u001b[39m","message":"Connection has been established successfully.","timestamp":"2022-09-10T13:46:42+07:00"}
{"level":"\u001b[32minfo\u001b[39m","message":"Server is running at http://localhost:5000","timestamp":"2022-09-10T13:46:51+07:00"}
{"level":"\u001b[32minfo\u001b[39m","message":"Connection has been established successfully.","timestamp":"2022-09-10T13:46:51+07:00"}
{"level":"\u001b[32minfo\u001b[39m","message":"Server is running at http://localhost:5000","timestamp":"2022-09-10T13:47:02+07:00"}
{"level":"\u001b[32minfo\u001b[39m","message":"Connection has been established successfully.","timestamp":"2022-09-10T13:47:02+07:00"}
{"level":"\u001b[32minfo\u001b[39m","message":"Server is running at http://localhost:5000","timestamp":"2022-09-10T13:47:36+07:00"}
{"level":"\u001b[32minfo\u001b[39m","message":"Connection has been established successfully.","timestamp":"2022-09-10T13:47:37+07:00"}
{"level":"\u001b[32minfo\u001b[39m","message":"Server is running at http://localhost:5000","timestamp":"2022-09-10T13:48:10+07:00"}
{"level":"\u001b[32minfo\u001b[39m","message":"Connection has been established successfully.","timestamp":"2022-09-10T13:48:10+07:00"}
{"level":"\u001b[32minfo\u001b[39m","message":"Server is running at http://localhost:5000","timestamp":"2022-09-10T13:48:32+07:00"}
{"level":"\u001b[32minfo\u001b[39m","message":"Connection has been established successfully.","timestamp":"2022-09-10T13:48:32+07:00"}
{"level":"\u001b[32minfo\u001b[39m","message":"Server is running at http://localhost:5000","timestamp":"2022-09-10T13:48:50+07:00"}
{"level":"\u001b[32minfo\u001b[39m","message":"Connection has been established successfully.","timestamp":"2022-09-10T13:48:50+07:00"}
{"level":"\u001b[32minfo\u001b[39m","message":"Server is running at http://localhost:5000","timestamp":"2022-09-10T13:48:58+07:00"}
{"level":"\u001b[32minfo\u001b[39m","message":"Connection has been established successfully.","timestamp":"2022-09-10T13:48:58+07:00"}
{"level":"\u001b[32minfo\u001b[39m","message":"Server is running at http://localhost:5000","timestamp":"2022-09-10T13:49:14+07:00"}
{"level":"\u001b[32minfo\u001b[39m","message":"Connection has been established successfully.","timestamp":"2022-09-10T13:49:15+07:00"}
{"level":"\u001b[32minfo\u001b[39m","message":"Server is running at http://localhost:5000","timestamp":"2022-09-10T13:49:40+07:00"}
{"level":"\u001b[32minfo\u001b[39m","message":"Connection has been established successfully.","timestamp":"2022-09-10T13:49:41+07:00"}
{"level":"\u001b[32minfo\u001b[39m","message":"Server is running at http://localhost:5000","timestamp":"2022-09-10T13:50:32+07:00"}
{"level":"\u001b[32minfo\u001b[39m","message":"Connection has been established successfully.","timestamp":"2022-09-10T13:50:32+07:00"}
{"level":"\u001b[32minfo\u001b[39m","message":"Server is running at http://localhost:5000","timestamp":"2022-09-10T13:51:15+07:00"}
{"level":"\u001b[32minfo\u001b[39m","message":"Connection has been established successfully.","timestamp":"2022-09-10T13:51:15+07:00"}
{"level":"\u001b[32minfo\u001b[39m","message":"Server is running at http://localhost:5000","timestamp":"2022-09-10T13:51:24+07:00"}
{"level":"\u001b[32minfo\u001b[39m","message":"Connection has been established successfully.","timestamp":"2022-09-10T13:51:25+07:00"}
{"level":"\u001b[32minfo\u001b[39m","message":"Server is running at http://localhost:5000","timestamp":"2022-09-10T13:52:05+07:00"}
{"level":"\u001b[32minfo\u001b[39m","message":"Connection has been established successfully.","timestamp":"2022-09-10T13:52:05+07:00"}
{"level":"\u001b[32minfo\u001b[39m","message":"Server is running at http://localhost:5000","timestamp":"2022-09-10T13:52:21+07:00"}
{"level":"\u001b[32minfo\u001b[39m","message":"Connection has been established successfully.","timestamp":"2022-09-10T13:52:21+07:00"}
{"level":"\u001b[32minfo\u001b[39m","message":"Server is running at http://localhost:5000","timestamp":"2022-09-10T13:52:23+07:00"}
{"level":"\u001b[32minfo\u001b[39m","message":"Connection has been established successfully.","timestamp":"2022-09-10T13:52:24+07:00"}
{"level":"\u001b[32minfo\u001b[39m","message":"Server is running at http://localhost:5000","timestamp":"2022-09-10T13:53:21+07:00"}
{"level":"\u001b[32minfo\u001b[39m","message":"Connection has been established successfully.","timestamp":"2022-09-10T13:53:22+07:00"}
{"level":"\u001b[32minfo\u001b[39m","message":"Server is running at http://localhost:5000","timestamp":"2022-09-10T13:54:59+07:00"}
{"level":"\u001b[32minfo\u001b[39m","message":"Connection has been established successfully.","timestamp":"2022-09-10T13:55:00+07:00"}
{"level":"\u001b[32minfo\u001b[39m","message":"Server is running at http://localhost:5000","timestamp":"2022-09-10T13:55:07+07:00"}
{"level":"\u001b[32minfo\u001b[39m","message":"Connection has been established successfully.","timestamp":"2022-09-10T13:55:07+07:00"}
{"level":"\u001b[32minfo\u001b[39m","message":"Server is running at http://localhost:5000","timestamp":"2022-09-10T13:55:32+07:00"}
{"level":"\u001b[32minfo\u001b[39m","message":"Connection has been established successfully.","timestamp":"2022-09-10T13:55:32+07:00"}
{"level":"\u001b[32minfo\u001b[39m","message":"Server is running at http://localhost:5000","timestamp":"2022-09-10T13:55:41+07:00"}
{"level":"\u001b[32minfo\u001b[39m","message":"Connection has been established successfully.","timestamp":"2022-09-10T13:55:41+07:00"}
{"level":"\u001b[32minfo\u001b[39m","message":"Server is running at http://localhost:5000","timestamp":"2022-09-10T13:55:48+07:00"}
{"level":"\u001b[32minfo\u001b[39m","message":"Connection has been established successfully.","timestamp":"2022-09-10T13:55:49+07:00"}
{"level":"\u001b[32minfo\u001b[39m","message":"Server is running at http://localhost:5000","timestamp":"2022-09-10T14:41:50+07:00"}
{"level":"\u001b[32minfo\u001b[39m","message":"Connection has been established successfully.","timestamp":"2022-09-10T14:41:50+07:00"}
{"level":"\u001b[32minfo\u001b[39m","message":"Server is running at http://localhost:5000","timestamp":"2022-09-10T14:41:57+07:00"}
{"level":"\u001b[32minfo\u001b[39m","message":"Connection has been established successfully.","timestamp":"2022-09-10T14:41:57+07:00"}
{"level":"\u001b[32minfo\u001b[39m","message":"Server is running at http://localhost:5000","timestamp":"2022-09-10T14:42:00+07:00"}
{"level":"\u001b[32minfo\u001b[39m","message":"Connection has been established successfully.","timestamp":"2022-09-10T14:42:01+07:00"}
{"level":"\u001b[32minfo\u001b[39m","message":"Server is running at http://localhost:5000","timestamp":"2022-09-10T14:42:24+07:00"}
{"level":"\u001b[32minfo\u001b[39m","message":"Connection has been established successfully.","timestamp":"2022-09-10T14:42:25+07:00"}
{"level":"\u001b[32minfo\u001b[39m","message":"Server is running at http://localhost:5000","timestamp":"2022-09-10T14:42:41+07:00"}
{"level":"\u001b[32minfo\u001b[39m","message":"Connection has been established successfully.","timestamp":"2022-09-10T14:42:41+07:00"}
{"level":"\u001b[32minfo\u001b[39m","message":"Server is running at http://localhost:5000","timestamp":"2022-09-10T14:43:13+07:00"}
{"level":"\u001b[32minfo\u001b[39m","message":"Connection has been established successfully.","timestamp":"2022-09-10T14:43:13+07:00"}
{"level":"\u001b[32minfo\u001b[39m","message":"Server is running at http://localhost:5000","timestamp":"2022-09-10T14:43:20+07:00"}
{"level":"\u001b[32minfo\u001b[39m","message":"Connection has been established successfully.","timestamp":"2022-09-10T14:43:20+07:00"}
{"level":"\u001b[32minfo\u001b[39m","message":"Server is running at http://localhost:5000","timestamp":"2022-09-10T14:43:26+07:00"}
{"level":"\u001b[32minfo\u001b[39m","message":"Connection has been established successfully.","timestamp":"2022-09-10T14:43:27+07:00"}
{"level":"\u001b[32minfo\u001b[39m","message":"Server is running at http://localhost:5000","timestamp":"2022-09-10T14:44:36+07:00"}
{"level":"\u001b[32minfo\u001b[39m","message":"Connection has been established successfully.","timestamp":"2022-09-10T14:44:36+07:00"}
{"level":"\u001b[32minfo\u001b[39m","message":"Server is running at http://localhost:5000","timestamp":"2022-09-10T14:45:01+07:00"}
{"level":"\u001b[32minfo\u001b[39m","message":"Connection has been established successfully.","timestamp":"2022-09-10T14:45:01+07:00"}
{"level":"\u001b[32minfo\u001b[39m","message":"Server is running at http://localhost:5000","timestamp":"2022-09-10T14:45:12+07:00"}
{"level":"\u001b[32minfo\u001b[39m","message":"Connection has been established successfully.","timestamp":"2022-09-10T14:45:12+07:00"}
{"level":"\u001b[32minfo\u001b[39m","message":"Server is running at http://localhost:5000","timestamp":"2022-09-10T14:46:20+07:00"}
{"level":"\u001b[32minfo\u001b[39m","message":"Connection has been established successfully.","timestamp":"2022-09-10T14:46:21+07:00"}
{"level":"\u001b[32minfo\u001b[39m","message":"Server is running at http://localhost:5000","timestamp":"2022-09-10T14:47:06+07:00"}
{"level":"\u001b[32minfo\u001b[39m","message":"Connection has been established successfully.","timestamp":"2022-09-10T14:47:06+07:00"}
{"level":"\u001b[32minfo\u001b[39m","message":"Server is running at http://localhost:5000","timestamp":"2022-09-10T14:47:23+07:00"}
{"level":"\u001b[32minfo\u001b[39m","message":"Connection has been established successfully.","timestamp":"2022-09-10T14:47:24+07:00"}
{"level":"\u001b[32minfo\u001b[39m","message":"Server is running at http://localhost:5000","timestamp":"2022-09-10T14:47:26+07:00"}
{"level":"\u001b[32minfo\u001b[39m","message":"Connection has been established successfully.","timestamp":"2022-09-10T14:47:26+07:00"}
{"level":"\u001b[32minfo\u001b[39m","message":"Server is running at http://localhost:5000","timestamp":"2022-09-10T14:47:43+07:00"}
{"level":"\u001b[32minfo\u001b[39m","message":"Connection has been established successfully.","timestamp":"2022-09-10T14:47:43+07:00"}
{"level":"\u001b[32minfo\u001b[39m","message":"Server is running at http://localhost:5000","timestamp":"2022-09-10T14:47:51+07:00"}
{"level":"\u001b[32minfo\u001b[39m","message":"Connection has been established successfully.","timestamp":"2022-09-10T14:47:51+07:00"}
{"level":"\u001b[32minfo\u001b[39m","message":"Server is running at http://localhost:5000","timestamp":"2022-09-10T14:48:29+07:00"}
{"level":"\u001b[32minfo\u001b[39m","message":"Connection has been established successfully.","timestamp":"2022-09-10T14:48:29+07:00"}
{"level":"\u001b[32minfo\u001b[39m","message":"Server is running at http://localhost:5000","timestamp":"2022-09-10T14:48:57+07:00"}
{"level":"\u001b[32minfo\u001b[39m","message":"Connection has been established successfully.","timestamp":"2022-09-10T14:48:58+07:00"}
{"level":"\u001b[32minfo\u001b[39m","message":"Server is running at http://localhost:5000","timestamp":"2022-09-10T14:49:09+07:00"}
{"level":"\u001b[32minfo\u001b[39m","message":"Connection has been established successfully.","timestamp":"2022-09-10T14:49:09+07:00"}
{"level":"\u001b[32minfo\u001b[39m","message":"Server is running at http://localhost:5000","timestamp":"2022-09-10T14:49:18+07:00"}
{"level":"\u001b[32minfo\u001b[39m","message":"Connection has been established successfully.","timestamp":"2022-09-10T14:49:18+07:00"}
{"level":"\u001b[32minfo\u001b[39m","message":"Server is running at http://localhost:5000","timestamp":"2022-09-10T14:49:20+07:00"}
{"level":"\u001b[32minfo\u001b[39m","message":"Connection has been established successfully.","timestamp":"2022-09-10T14:49:20+07:00"}
{"level":"\u001b[32minfo\u001b[39m","message":"Server is running at http://localhost:5000","timestamp":"2022-09-10T14:49:45+07:00"}
{"level":"\u001b[32minfo\u001b[39m","message":"Connection has been established successfully.","timestamp":"2022-09-10T14:49:45+07:00"}
{"level":"\u001b[32minfo\u001b[39m","message":"Server is running at http://localhost:5000","timestamp":"2022-09-10T14:50:01+07:00"}
{"level":"\u001b[32minfo\u001b[39m","message":"Connection has been established successfully.","timestamp":"2022-09-10T14:50:02+07:00"}
{"level":"\u001b[32minfo\u001b[39m","message":"Server is running at http://localhost:5000","timestamp":"2022-09-10T14:50:06+07:00"}
{"level":"\u001b[32minfo\u001b[39m","message":"Connection has been established successfully.","timestamp":"2022-09-10T14:50:06+07:00"}
{"level":"\u001b[32minfo\u001b[39m","message":"Server is running at http://localhost:5000","timestamp":"2022-09-10T14:50:27+07:00"}
{"level":"\u001b[32minfo\u001b[39m","message":"Connection has been established successfully.","timestamp":"2022-09-10T14:50:27+07:00"}
{"level":"\u001b[32minfo\u001b[39m","message":"Server is running at http://localhost:5000","timestamp":"2022-09-10T14:50:39+07:00"}
{"level":"\u001b[32minfo\u001b[39m","message":"Connection has been established successfully.","timestamp":"2022-09-10T14:50:39+07:00"}
{"level":"\u001b[32minfo\u001b[39m","message":"Server is running at http://localhost:5000","timestamp":"2022-09-10T14:50:54+07:00"}
{"level":"\u001b[32minfo\u001b[39m","message":"Connection has been established successfully.","timestamp":"2022-09-10T14:50:54+07:00"}
{"level":"\u001b[32minfo\u001b[39m","message":"Server is running at http://localhost:5000","timestamp":"2022-09-10T14:51:04+07:00"}
{"level":"\u001b[32minfo\u001b[39m","message":"Connection has been established successfully.","timestamp":"2022-09-10T14:51:04+07:00"}
{"level":"\u001b[32minfo\u001b[39m","message":"Server is running at http://localhost:5000","timestamp":"2022-09-10T14:51:41+07:00"}
{"level":"\u001b[32minfo\u001b[39m","message":"Connection has been established successfully.","timestamp":"2022-09-10T14:51:41+07:00"}
{"level":"\u001b[32minfo\u001b[39m","message":"Server is running at http://localhost:5000","timestamp":"2022-09-10T14:51:56+07:00"}
{"level":"\u001b[32minfo\u001b[39m","message":"Connection has been established successfully.","timestamp":"2022-09-10T14:51:57+07:00"}
{"level":"\u001b[32minfo\u001b[39m","message":"Server is running at http://localhost:5000","timestamp":"2022-09-10T14:52:13+07:00"}
{"level":"\u001b[32minfo\u001b[39m","message":"Connection has been established successfully.","timestamp":"2022-09-10T14:52:13+07:00"}
{"level":"\u001b[32minfo\u001b[39m","message":"Server is running at http://localhost:5000","timestamp":"2022-09-10T14:53:13+07:00"}
{"level":"\u001b[32minfo\u001b[39m","message":"Connection has been established successfully.","timestamp":"2022-09-10T14:53:13+07:00"}
{"level":"\u001b[32minfo\u001b[39m","message":"Server is running at http://localhost:5000","timestamp":"2022-09-10T14:53:20+07:00"}
{"level":"\u001b[32minfo\u001b[39m","message":"Connection has been established successfully.","timestamp":"2022-09-10T14:53:21+07:00"}
{"level":"\u001b[32minfo\u001b[39m","message":"Server is running at http://localhost:5000","timestamp":"2022-09-10T14:54:24+07:00"}
{"level":"\u001b[32minfo\u001b[39m","message":"Connection has been established successfully.","timestamp":"2022-09-10T14:54:24+07:00"}
{"level":"\u001b[32minfo\u001b[39m","message":"Server is running at http://localhost:5000","timestamp":"2022-09-10T14:54:38+07:00"}
{"level":"\u001b[32minfo\u001b[39m","message":"Connection has been established successfully.","timestamp":"2022-09-10T14:54:38+07:00"}
{"level":"\u001b[32minfo\u001b[39m","message":"Server is running at http://localhost:5000","timestamp":"2022-09-10T14:55:30+07:00"}
{"level":"\u001b[32minfo\u001b[39m","message":"Connection has been established successfully.","timestamp":"2022-09-10T14:55:31+07:00"}
{"level":"\u001b[32minfo\u001b[39m","message":"Server is running at http://localhost:5000","timestamp":"2022-09-10T14:55:38+07:00"}
{"level":"\u001b[32minfo\u001b[39m","message":"Connection has been established successfully.","timestamp":"2022-09-10T14:55:38+07:00"}
{"level":"\u001b[32minfo\u001b[39m","message":"Server is running at http://localhost:5000","timestamp":"2022-09-10T15:07:52+07:00"}
{"level":"\u001b[32minfo\u001b[39m","message":"Connection has been established successfully.","timestamp":"2022-09-10T15:07:52+07:00"}
{"level":"\u001b[32minfo\u001b[39m","message":"Server is running at http://localhost:5000","timestamp":"2022-09-10T15:08:29+07:00"}
{"level":"\u001b[32minfo\u001b[39m","message":"Connection has been established successfully.","timestamp":"2022-09-10T15:08:29+07:00"}
{"level":"\u001b[32minfo\u001b[39m","message":"Server is running at http://localhost:5000","timestamp":"2022-09-10T15:08:54+07:00"}
{"level":"\u001b[32minfo\u001b[39m","message":"Connection has been established successfully.","timestamp":"2022-09-10T15:08:54+07:00"}
{"level":"\u001b[32minfo\u001b[39m","message":"Server is running at http://localhost:5000","timestamp":"2022-09-10T15:10:04+07:00"}
{"level":"\u001b[32minfo\u001b[39m","message":"Connection has been established successfully.","timestamp":"2022-09-10T15:10:05+07:00"}
{"level":"\u001b[32minfo\u001b[39m","message":"Server is running at http://localhost:5000","timestamp":"2022-09-10T15:10:27+07:00"}
{"level":"\u001b[32minfo\u001b[39m","message":"Connection has been established successfully.","timestamp":"2022-09-10T15:10:28+07:00"}
{"level":"\u001b[32minfo\u001b[39m","message":"Server is running at http://localhost:5000","timestamp":"2022-09-10T15:10:39+07:00"}
{"level":"\u001b[32minfo\u001b[39m","message":"Connection has been established successfully.","timestamp":"2022-09-10T15:10:39+07:00"}
{"level":"\u001b[32minfo\u001b[39m","message":"Server is running at http://localhost:5000","timestamp":"2022-09-10T15:21:49+07:00"}
{"level":"\u001b[32minfo\u001b[39m","message":"Connection has been established successfully.","timestamp":"2022-09-10T15:21:49+07:00"}
{"level":"\u001b[32minfo\u001b[39m","message":"Server is running at http://localhost:5000","timestamp":"2022-09-10T15:24:06+07:00"}
{"level":"\u001b[32minfo\u001b[39m","message":"Connection has been established successfully.","timestamp":"2022-09-10T15:24:07+07:00"}
{"level":"\u001b[32minfo\u001b[39m","message":"Server is running at http://localhost:5000","timestamp":"2022-09-10T15:52:48+07:00"}
{"level":"\u001b[32minfo\u001b[39m","message":"Connection has been established successfully.","timestamp":"2022-09-10T15:52:49+07:00"}
{"level":"\u001b[32minfo\u001b[39m","message":"Server is running at http://localhost:5000","timestamp":"2022-09-10T15:54:25+07:00"}
{"level":"\u001b[32minfo\u001b[39m","message":"Connection has been established successfully.","timestamp":"2022-09-10T15:54:25+07:00"}
{"level":"\u001b[32minfo\u001b[39m","message":"Server is running at http://localhost:5000","timestamp":"2022-09-10T15:54:47+07:00"}
{"level":"\u001b[32minfo\u001b[39m","message":"Connection has been established successfully.","timestamp":"2022-09-10T15:54:47+07:00"}
{"level":"\u001b[32minfo\u001b[39m","message":"Server is running at http://localhost:5000","timestamp":"2022-09-10T15:55:05+07:00"}
{"level":"\u001b[32minfo\u001b[39m","message":"Connection has been established successfully.","timestamp":"2022-09-10T15:55:05+07:00"}
{"level":"\u001b[32minfo\u001b[39m","message":"Server is running at http://localhost:5000","timestamp":"2022-09-10T15:55:23+07:00"}
{"level":"\u001b[32minfo\u001b[39m","message":"Connection has been established successfully.","timestamp":"2022-09-10T15:55:24+07:00"}
{"level":"\u001b[32minfo\u001b[39m","message":"Server is running at http://localhost:5000","timestamp":"2022-09-10T15:55:37+07:00"}
{"level":"\u001b[32minfo\u001b[39m","message":"Connection has been established successfully.","timestamp":"2022-09-10T15:55:38+07:00"}
{"level":"\u001b[32minfo\u001b[39m","message":"Server is running at http://localhost:5000","timestamp":"2022-09-10T15:56:58+07:00"}
{"level":"\u001b[32minfo\u001b[39m","message":"Connection has been established successfully.","timestamp":"2022-09-10T15:56:58+07:00"}
{"level":"\u001b[32minfo\u001b[39m","message":"Server is running at http://localhost:5000","timestamp":"2022-09-10T15:58:33+07:00"}
{"level":"\u001b[32minfo\u001b[39m","message":"Connection has been established successfully.","timestamp":"2022-09-10T15:58:34+07:00"}
{"level":"\u001b[32minfo\u001b[39m","message":"Server is running at http://localhost:5000","timestamp":"2022-09-10T16:02:59+07:00"}
{"level":"\u001b[32minfo\u001b[39m","message":"Connection has been established successfully.","timestamp":"2022-09-10T16:02:59+07:00"}
{"level":"\u001b[32minfo\u001b[39m","message":"Server is running at http://localhost:5000","timestamp":"2022-09-10T16:05:38+07:00"}
{"level":"\u001b[32minfo\u001b[39m","message":"Connection has been established successfully.","timestamp":"2022-09-10T16:05:38+07:00"}
{"level":"\u001b[32minfo\u001b[39m","message":"Server is running at http://localhost:5000","timestamp":"2022-09-10T16:06:37+07:00"}
{"level":"\u001b[32minfo\u001b[39m","message":"Connection has been established successfully.","timestamp":"2022-09-10T16:06:37+07:00"}
{"level":"\u001b[32minfo\u001b[39m","message":"Server is running at http://localhost:5000","timestamp":"2022-09-10T16:13:21+07:00"}
{"level":"\u001b[32minfo\u001b[39m","message":"Connection has been established successfully.","timestamp":"2022-09-10T16:13:21+07:00"}
{"level":"\u001b[32minfo\u001b[39m","message":"::1 - - [10/Sep/2022:09:13:24 +0000] \"GET / HTTP/1.1\" 404 139 \"-\" \"Mozilla/5.0 (Windows NT 10.0; Win64; x64) AppleWebKit/537.36 (KHTML, like Gecko) Chrome/105.0.0.0 Safari/537.36\"\n","timestamp":"2022-09-10T16:13:24+07:00"}
{"level":"\u001b[32minfo\u001b[39m","message":"::1 - - [10/Sep/2022:09:13:31 +0000] \"GET /api/docs/ HTTP/1.1\" 304 - \"-\" \"Mozilla/5.0 (Windows NT 10.0; Win64; x64) AppleWebKit/537.36 (KHTML, like Gecko) Chrome/105.0.0.0 Safari/537.36\"\n","timestamp":"2022-09-10T16:13:31+07:00"}
{"level":"\u001b[32minfo\u001b[39m","message":"::1 - - [10/Sep/2022:09:13:31 +0000] \"GET /api/docs/swagger-ui.css HTTP/1.1\" 304 - \"-\" \"Mozilla/5.0 (Windows NT 10.0; Win64; x64) AppleWebKit/537.36 (KHTML, like Gecko) Chrome/105.0.0.0 Safari/537.36\"\n","timestamp":"2022-09-10T16:13:31+07:00"}
{"level":"\u001b[32minfo\u001b[39m","message":"::1 - - [10/Sep/2022:09:13:31 +0000] \"GET /api/docs/swagger-ui-bundle.js HTTP/1.1\" 304 - \"-\" \"Mozilla/5.0 (Windows NT 10.0; Win64; x64) AppleWebKit/537.36 (KHTML, like Gecko) Chrome/105.0.0.0 Safari/537.36\"\n","timestamp":"2022-09-10T16:13:31+07:00"}
{"level":"\u001b[32minfo\u001b[39m","message":"::1 - - [10/Sep/2022:09:13:31 +0000] \"GET /api/docs/swagger-ui-standalone-preset.js HTTP/1.1\" 304 - \"-\" \"Mozilla/5.0 (Windows NT 10.0; Win64; x64) AppleWebKit/537.36 (KHTML, like Gecko) Chrome/105.0.0.0 Safari/537.36\"\n","timestamp":"2022-09-10T16:13:31+07:00"}
{"level":"\u001b[32minfo\u001b[39m","message":"::1 - - [10/Sep/2022:09:13:31 +0000] \"GET /api/docs/swagger-ui-init.js HTTP/1.1\" 200 11647 \"-\" \"Mozilla/5.0 (Windows NT 10.0; Win64; x64) AppleWebKit/537.36 (KHTML, like Gecko) Chrome/105.0.0.0 Safari/537.36\"\n","timestamp":"2022-09-10T16:13:31+07:00"}
{"level":"\u001b[32minfo\u001b[39m","message":"Server is running at http://localhost:5000","timestamp":"2022-09-10T16:14:40+07:00"}
{"level":"\u001b[32minfo\u001b[39m","message":"Connection has been established successfully.","timestamp":"2022-09-10T16:14:40+07:00"}
{"level":"\u001b[32minfo\u001b[39m","message":"Server is running at http://localhost:5000","timestamp":"2022-09-10T16:14:57+07:00"}
{"level":"\u001b[32minfo\u001b[39m","message":"Connection has been established successfully.","timestamp":"2022-09-10T16:14:57+07:00"}
{"level":"\u001b[32minfo\u001b[39m","message":"::1 - - [10/Sep/2022:09:16:52 +0000] \"GET /api/categories HTTP/1.1\" 200 62 \"-\" \"PostmanRuntime/7.29.2\"\n","timestamp":"2022-09-10T16:16:52+07:00"}
{"level":"\u001b[32minfo\u001b[39m","message":"Server is running at http://localhost:5000","timestamp":"2022-09-10T16:17:34+07:00"}
{"level":"\u001b[32minfo\u001b[39m","message":"Connection has been established successfully.","timestamp":"2022-09-10T16:17:35+07:00"}
{"level":"\u001b[32minfo\u001b[39m","message":"Server is running at http://localhost:5000","timestamp":"2022-09-10T16:18:23+07:00"}
{"level":"\u001b[32minfo\u001b[39m","message":"Connection has been established successfully.","timestamp":"2022-09-10T16:18:23+07:00"}
{"level":"\u001b[32minfo\u001b[39m","message":"Server is running at http://localhost:5000","timestamp":"2022-09-10T16:18:28+07:00"}
{"level":"\u001b[32minfo\u001b[39m","message":"Connection has been established successfully.","timestamp":"2022-09-10T16:18:28+07:00"}
{"level":"\u001b[32minfo\u001b[39m","message":"::1 - - [10/Sep/2022:09:18:31 +0000] \"GET /api/categories HTTP/1.1\" 200 66 \"-\" \"PostmanRuntime/7.29.2\"\n","timestamp":"2022-09-10T16:18:31+07:00"}
{"level":"\u001b[32minfo\u001b[39m","message":"Server is running at http://localhost:5000","timestamp":"2022-09-10T16:19:02+07:00"}
{"level":"\u001b[32minfo\u001b[39m","message":"Connection has been established successfully.","timestamp":"2022-09-10T16:19:02+07:00"}
{"level":"\u001b[32minfo\u001b[39m","message":"::1 - - [10/Sep/2022:09:19:07 +0000] \"GET /api/categories HTTP/1.1\" 200 53 \"-\" \"PostmanRuntime/7.29.2\"\n","timestamp":"2022-09-10T16:19:07+07:00"}
{"level":"\u001b[32minfo\u001b[39m","message":"Server is running at http://localhost:5000","timestamp":"2022-09-10T16:19:14+07:00"}
{"level":"\u001b[32minfo\u001b[39m","message":"Connection has been established successfully.","timestamp":"2022-09-10T16:19:15+07:00"}
{"level":"\u001b[32minfo\u001b[39m","message":"Server is running at http://localhost:5000","timestamp":"2022-09-10T16:19:16+07:00"}
{"level":"\u001b[32minfo\u001b[39m","message":"Connection has been established successfully.","timestamp":"2022-09-10T16:19:16+07:00"}
{"level":"\u001b[32minfo\u001b[39m","message":"::1 - - [10/Sep/2022:09:19:21 +0000] \"GET /api/categories HTTP/1.1\" 200 53 \"-\" \"PostmanRuntime/7.29.2\"\n","timestamp":"2022-09-10T16:19:21+07:00"}
{"level":"\u001b[32minfo\u001b[39m","message":"::1 - - [10/Sep/2022:09:21:30 +0000] \"POST /api/category HTTP/1.1\" 201 193 \"-\" \"PostmanRuntime/7.29.2\"\n","timestamp":"2022-09-10T16:21:30+07:00"}
{"level":"\u001b[32minfo\u001b[39m","message":"Server is running at http://localhost:5000","timestamp":"2022-09-10T16:23:14+07:00"}
{"level":"\u001b[32minfo\u001b[39m","message":"Connection has been established successfully.","timestamp":"2022-09-10T16:23:14+07:00"}
{"level":"\u001b[32minfo\u001b[39m","message":"::1 - - [10/Sep/2022:09:23:17 +0000] \"GET /api/category/3eefeb40-f548-4d05-a024-a4dd7aa7ccbe HTTP/1.1\" 200 193 \"-\" \"PostmanRuntime/7.29.2\"\n","timestamp":"2022-09-10T16:23:17+07:00"}
{"level":"\u001b[32minfo\u001b[39m","message":"::1 - - [10/Sep/2022:09:23:39 +0000] \"PUT /api/category/3eefeb40-f548-4d05-a024-a4dd7aa7ccbe HTTP/1.1\" - - \"-\" \"PostmanRuntime/7.29.2\"\n","timestamp":"2022-09-10T16:23:39+07:00"}
{"level":"\u001b[32minfo\u001b[39m","message":"Server is running at http://localhost:5000","timestamp":"2022-09-10T16:24:16+07:00"}
{"level":"\u001b[32minfo\u001b[39m","message":"Connection has been established successfully.","timestamp":"2022-09-10T16:24:16+07:00"}
{"level":"\u001b[32minfo\u001b[39m","message":"Server is running at http://localhost:5000","timestamp":"2022-09-10T16:25:34+07:00"}
{"level":"\u001b[32minfo\u001b[39m","message":"Connection has been established successfully.","timestamp":"2022-09-10T16:25:35+07:00"}
{"level":"\u001b[32minfo\u001b[39m","message":"::1 - - [10/Sep/2022:09:25:38 +0000] \"PUT /api/category/3eefeb40-f548-4d05-a024-a4dd7aa7ccbe HTTP/1.1\" 200 194 \"-\" \"PostmanRuntime/7.29.2\"\n","timestamp":"2022-09-10T16:25:38+07:00"}
{"level":"\u001b[32minfo\u001b[39m","message":"::1 - - [10/Sep/2022:09:25:46 +0000] \"PUT /api/category/3eefeb40-f548-4d05-a024-a4dd7aa7ccbe HTTP/1.1\" 200 193 \"-\" \"PostmanRuntime/7.29.2\"\n","timestamp":"2022-09-10T16:25:46+07:00"}
{"level":"\u001b[32minfo\u001b[39m","message":"::1 - - [10/Sep/2022:09:25:50 +0000] \"DELETE /api/category/3eefeb40-f548-4d05-a024-a4dd7aa7ccbe HTTP/1.1\" 200 70 \"-\" \"PostmanRuntime/7.29.2\"\n","timestamp":"2022-09-10T16:25:50+07:00"}
{"level":"\u001b[32minfo\u001b[39m","message":"::1 - - [10/Sep/2022:09:25:54 +0000] \"GET /api/categories HTTP/1.1\" 200 53 \"-\" \"PostmanRuntime/7.29.2\"\n","timestamp":"2022-09-10T16:25:54+07:00"}
{"level":"\u001b[32minfo\u001b[39m","message":"::1 - - [10/Sep/2022:09:25:59 +0000] \"POST /api/category HTTP/1.1\" 201 193 \"-\" \"PostmanRuntime/7.29.2\"\n","timestamp":"2022-09-10T16:25:59+07:00"}
{"level":"\u001b[32minfo\u001b[39m","message":"::1 - - [10/Sep/2022:09:26:01 +0000] \"GET /api/categories HTTP/1.1\" 200 205 \"-\" \"PostmanRuntime/7.29.2\"\n","timestamp":"2022-09-10T16:26:01+07:00"}
{"level":"\u001b[32minfo\u001b[39m","message":"Server is running at http://localhost:5000","timestamp":"2022-09-10T16:26:33+07:00"}
{"level":"\u001b[32minfo\u001b[39m","message":"Connection has been established successfully.","timestamp":"2022-09-10T16:26:33+07:00"}
{"level":"\u001b[32minfo\u001b[39m","message":"Server is running at http://localhost:5000","timestamp":"2022-09-10T16:26:49+07:00"}
{"level":"\u001b[32minfo\u001b[39m","message":"Connection has been established successfully.","timestamp":"2022-09-10T16:26:49+07:00"}
{"level":"\u001b[32minfo\u001b[39m","message":"Server is running at http://localhost:5000","timestamp":"2022-09-10T16:27:04+07:00"}
{"level":"\u001b[32minfo\u001b[39m","message":"Connection has been established successfully.","timestamp":"2022-09-10T16:27:04+07:00"}
{"level":"\u001b[32minfo\u001b[39m","message":"Server is running at http://localhost:5000","timestamp":"2022-09-10T16:27:10+07:00"}
{"level":"\u001b[32minfo\u001b[39m","message":"Connection has been established successfully.","timestamp":"2022-09-10T16:27:10+07:00"}
{"level":"\u001b[32minfo\u001b[39m","message":"::1 - - [10/Sep/2022:09:27:45 +0000] \"GET /api/sub-categories HTTP/1.1\" 200 65 \"-\" \"PostmanRuntime/7.29.2\"\n","timestamp":"2022-09-10T16:27:45+07:00"}
{"level":"\u001b[32minfo\u001b[39m","message":"Server is running at http://localhost:5000","timestamp":"2022-09-10T16:28:18+07:00"}
{"level":"\u001b[32minfo\u001b[39m","message":"Connection has been established successfully.","timestamp":"2022-09-10T16:28:18+07:00"}
{"level":"\u001b[32minfo\u001b[39m","message":"Server is running at http://localhost:5000","timestamp":"2022-09-10T16:28:34+07:00"}
{"level":"\u001b[32minfo\u001b[39m","message":"Connection has been established successfully.","timestamp":"2022-09-10T16:28:34+07:00"}
{"level":"\u001b[32minfo\u001b[39m","message":"Server is running at http://localhost:5000","timestamp":"2022-09-10T16:28:38+07:00"}
{"level":"\u001b[32minfo\u001b[39m","message":"Connection has been established successfully.","timestamp":"2022-09-10T16:28:38+07:00"}
{"level":"\u001b[32minfo\u001b[39m","message":"::1 - - [10/Sep/2022:09:28:39 +0000] \"GET /api/sub-categories HTTP/1.1\" 200 56 \"-\" \"PostmanRuntime/7.29.2\"\n","timestamp":"2022-09-10T16:28:39+07:00"}
{"level":"\u001b[32minfo\u001b[39m","message":"Server is running at http://localhost:5000","timestamp":"2022-09-10T16:28:55+07:00"}
{"level":"\u001b[32minfo\u001b[39m","message":"Connection has been established successfully.","timestamp":"2022-09-10T16:28:55+07:00"}
{"level":"\u001b[32minfo\u001b[39m","message":"Server is running at http://localhost:5000","timestamp":"2022-09-10T16:28:59+07:00"}
{"level":"\u001b[32minfo\u001b[39m","message":"Connection has been established successfully.","timestamp":"2022-09-10T16:28:59+07:00"}
{"level":"\u001b[32minfo\u001b[39m","message":"Server is running at http://localhost:5000","timestamp":"2022-09-10T16:29:17+07:00"}
{"level":"\u001b[32minfo\u001b[39m","message":"Connection has been established successfully.","timestamp":"2022-09-10T16:29:17+07:00"}
{"level":"\u001b[32minfo\u001b[39m","message":"Server is running at http://localhost:5000","timestamp":"2022-09-10T16:29:44+07:00"}
{"level":"\u001b[32minfo\u001b[39m","message":"Connection has been established successfully.","timestamp":"2022-09-10T16:29:44+07:00"}
{"level":"\u001b[32minfo\u001b[39m","message":"::1 - - [10/Sep/2022:09:32:15 +0000] \"POST /api/sub-category HTTP/1.1\" 201 231 \"-\" \"PostmanRuntime/7.29.2\"\n","timestamp":"2022-09-10T16:32:15+07:00"}
{"level":"\u001b[32minfo\u001b[39m","message":"::1 - - [10/Sep/2022:09:32:28 +0000] \"GET /api/sub-category/a7b97723-6f85-47d8-a1a9-ecdc3f40119a HTTP/1.1\" 200 231 \"-\" \"PostmanRuntime/7.29.2\"\n","timestamp":"2022-09-10T16:32:28+07:00"}
{"level":"\u001b[32minfo\u001b[39m","message":"::1 - - [10/Sep/2022:09:32:32 +0000] \"POST /api/sub-category HTTP/1.1\" - - \"-\" \"PostmanRuntime/7.29.2\"\n","timestamp":"2022-09-10T16:32:32+07:00"}
{"level":"\u001b[32minfo\u001b[39m","message":"::1 - - [10/Sep/2022:09:32:39 +0000] \"GET /api/sub-category/a7b97723-6f85-47d8-a1a9-ecdc3f40119a HTTP/1.1\" 200 231 \"-\" \"PostmanRuntime/7.29.2\"\n","timestamp":"2022-09-10T16:32:39+07:00"}
{"level":"\u001b[32minfo\u001b[39m","message":"::1 - - [10/Sep/2022:09:32:43 +0000] \"GET /api/sub-categories HTTP/1.1\" 200 243 \"-\" \"PostmanRuntime/7.29.2\"\n","timestamp":"2022-09-10T16:32:43+07:00"}
{"level":"\u001b[32minfo\u001b[39m","message":"::1 - - [10/Sep/2022:09:32:51 +0000] \"PUT /api/sub-category/a7b97723-6f85-47d8-a1a9-ecdc3f40119a HTTP/1.1\" 200 230 \"-\" \"PostmanRuntime/7.29.2\"\n","timestamp":"2022-09-10T16:32:51+07:00"}
{"level":"\u001b[32minfo\u001b[39m","message":"::1 - - [10/Sep/2022:09:32:57 +0000] \"POST /api/sub-category HTTP/1.1\" 201 231 \"-\" \"PostmanRuntime/7.29.2\"\n","timestamp":"2022-09-10T16:32:57+07:00"}
{"level":"\u001b[32minfo\u001b[39m","message":"::1 - - [10/Sep/2022:09:33:01 +0000] \"GET /api/sub-categories HTTP/1.1\" 200 430 \"-\" \"PostmanRuntime/7.29.2\"\n","timestamp":"2022-09-10T16:33:01+07:00"}
{"level":"\u001b[32minfo\u001b[39m","message":"Server is running at http://localhost:5000","timestamp":"2022-09-10T16:33:55+07:00"}
{"level":"\u001b[32minfo\u001b[39m","message":"Connection has been established successfully.","timestamp":"2022-09-10T16:33:55+07:00"}
{"level":"\u001b[32minfo\u001b[39m","message":"Server is running at http://localhost:5000","timestamp":"2022-09-10T16:34:11+07:00"}
{"level":"\u001b[32minfo\u001b[39m","message":"Connection has been established successfully.","timestamp":"2022-09-10T16:34:11+07:00"}
{"level":"\u001b[32minfo\u001b[39m","message":"Server is running at http://localhost:5000","timestamp":"2022-09-10T16:34:55+07:00"}
{"level":"\u001b[32minfo\u001b[39m","message":"Connection has been established successfully.","timestamp":"2022-09-10T16:34:56+07:00"}
{"level":"\u001b[32minfo\u001b[39m","message":"Server is running at http://localhost:5000","timestamp":"2022-09-10T16:35:02+07:00"}
{"level":"\u001b[32minfo\u001b[39m","message":"Connection has been established successfully.","timestamp":"2022-09-10T16:35:02+07:00"}
{"level":"\u001b[32minfo\u001b[39m","message":"Server is running at http://localhost:5000","timestamp":"2022-09-10T16:35:23+07:00"}
{"level":"\u001b[32minfo\u001b[39m","message":"Connection has been established successfully.","timestamp":"2022-09-10T16:35:23+07:00"}
{"level":"\u001b[32minfo\u001b[39m","message":"Server is running at http://localhost:5000","timestamp":"2022-09-10T16:35:28+07:00"}
{"level":"\u001b[32minfo\u001b[39m","message":"Connection has been established successfully.","timestamp":"2022-09-10T16:35:29+07:00"}
{"level":"\u001b[32minfo\u001b[39m","message":"::1 - - [10/Sep/2022:09:35:29 +0000] \"POST /api/sub-category HTTP/1.1\" 201 62 \"-\" \"PostmanRuntime/7.29.2\"\n","timestamp":"2022-09-10T16:35:29+07:00"}
{"level":"\u001b[32minfo\u001b[39m","message":"Server is running at http://localhost:5000","timestamp":"2022-09-10T16:36:00+07:00"}
{"level":"\u001b[32minfo\u001b[39m","message":"Connection has been established successfully.","timestamp":"2022-09-10T16:36:01+07:00"}
{"level":"\u001b[32minfo\u001b[39m","message":"::1 - - [10/Sep/2022:09:36:01 +0000] \"POST /api/sub-category HTTP/1.1\" 201 62 \"-\" \"PostmanRuntime/7.29.2\"\n","timestamp":"2022-09-10T16:36:01+07:00"}
{"level":"\u001b[32minfo\u001b[39m","message":"Server is running at http://localhost:5000","timestamp":"2022-09-10T16:36:08+07:00"}
{"level":"\u001b[32minfo\u001b[39m","message":"Connection has been established successfully.","timestamp":"2022-09-10T16:36:08+07:00"}
{"level":"\u001b[32minfo\u001b[39m","message":"::1 - - [10/Sep/2022:09:37:02 +0000] \"DELETE /api/sub-category/a7b97723-6f85-47d8-a1a9-ecdc3f40119a HTTP/1.1\" 200 74 \"-\" \"PostmanRuntime/7.29.2\"\n","timestamp":"2022-09-10T16:37:02+07:00"}
{"level":"\u001b[32minfo\u001b[39m","message":"Server is running at http://localhost:5000","timestamp":"2022-09-10T16:37:19+07:00"}
{"level":"\u001b[32minfo\u001b[39m","message":"Connection has been established successfully.","timestamp":"2022-09-10T16:37:19+07:00"}
{"level":"\u001b[32minfo\u001b[39m","message":"Server is running at http://localhost:5000","timestamp":"2022-09-10T16:37:23+07:00"}
{"level":"\u001b[32minfo\u001b[39m","message":"Connection has been established successfully.","timestamp":"2022-09-10T16:37:23+07:00"}
{"level":"\u001b[32minfo\u001b[39m","message":"Server is running at http://localhost:5000","timestamp":"2022-09-10T16:37:52+07:00"}
{"level":"\u001b[32minfo\u001b[39m","message":"Connection has been established successfully.","timestamp":"2022-09-10T16:37:52+07:00"}
{"level":"\u001b[32minfo\u001b[39m","message":"::1 - - [10/Sep/2022:09:38:03 +0000] \"GET /api/categories HTTP/1.1\" - - \"-\" \"PostmanRuntime/7.29.2\"\n","timestamp":"2022-09-10T16:38:03+07:00"}
{"level":"\u001b[32minfo\u001b[39m","message":"Server is running at http://localhost:5000","timestamp":"2022-09-10T16:38:26+07:00"}
{"level":"\u001b[32minfo\u001b[39m","message":"Connection has been established successfully.","timestamp":"2022-09-10T16:38:26+07:00"}
{"level":"\u001b[32minfo\u001b[39m","message":"Server is running at http://localhost:5000","timestamp":"2022-09-10T16:38:43+07:00"}
{"level":"\u001b[32minfo\u001b[39m","message":"Connection has been established successfully.","timestamp":"2022-09-10T16:38:43+07:00"}
{"level":"\u001b[32minfo\u001b[39m","message":"::1 - - [10/Sep/2022:09:38:46 +0000] \"GET /api/categories HTTP/1.1\" 200 205 \"-\" \"PostmanRuntime/7.29.2\"\n","timestamp":"2022-09-10T16:38:46+07:00"}
{"level":"\u001b[32minfo\u001b[39m","message":"::1 - - [10/Sep/2022:09:40:16 +0000] \"GET /api/products HTTP/1.1\" 200 52 \"-\" \"PostmanRuntime/7.29.2\"\n","timestamp":"2022-09-10T16:40:16+07:00"}
{"level":"\u001b[32minfo\u001b[39m","message":"::1 - - [10/Sep/2022:09:40:27 +0000] \"GET /api/products/:products_id HTTP/1.1\" 404 164 \"-\" \"PostmanRuntime/7.29.2\"\n","timestamp":"2022-09-10T16:40:27+07:00"}
{"level":"\u001b[32minfo\u001b[39m","message":"Server is running at http://localhost:5000","timestamp":"2022-09-10T16:41:35+07:00"}
{"level":"\u001b[32minfo\u001b[39m","message":"Connection has been established successfully.","timestamp":"2022-09-10T16:41:36+07:00"}
{"level":"\u001b[32minfo\u001b[39m","message":"Server is running at http://localhost:5000","timestamp":"2022-09-10T16:41:41+07:00"}
{"level":"\u001b[32minfo\u001b[39m","message":"Connection has been established successfully.","timestamp":"2022-09-10T16:41:42+07:00"}
{"level":"\u001b[32minfo\u001b[39m","message":"Server is running at http://localhost:5000","timestamp":"2022-09-10T16:41:46+07:00"}
{"level":"\u001b[32minfo\u001b[39m","message":"Connection has been established successfully.","timestamp":"2022-09-10T16:41:47+07:00"}
{"level":"\u001b[32minfo\u001b[39m","message":"Server is running at http://localhost:5000","timestamp":"2022-09-10T16:41:51+07:00"}
{"level":"\u001b[32minfo\u001b[39m","message":"Connection has been established successfully.","timestamp":"2022-09-10T16:41:52+07:00"}
{"level":"\u001b[32minfo\u001b[39m","message":"Server is running at http://localhost:5000","timestamp":"2022-09-10T16:41:56+07:00"}
{"level":"\u001b[32minfo\u001b[39m","message":"Connection has been established successfully.","timestamp":"2022-09-10T16:41:56+07:00"}
{"level":"\u001b[32minfo\u001b[39m","message":"Server is running at http://localhost:5000","timestamp":"2022-09-10T16:42:11+07:00"}
{"level":"\u001b[32minfo\u001b[39m","message":"Connection has been established successfully.","timestamp":"2022-09-10T16:42:11+07:00"}
{"level":"\u001b[32minfo\u001b[39m","message":"Server is running at http://localhost:5000","timestamp":"2022-09-10T16:42:36+07:00"}
{"level":"\u001b[32minfo\u001b[39m","message":"Connection has been established successfully.","timestamp":"2022-09-10T16:42:36+07:00"}
{"level":"\u001b[32minfo\u001b[39m","message":"Server is running at http://localhost:5000","timestamp":"2022-09-10T16:42:43+07:00"}
{"level":"\u001b[32minfo\u001b[39m","message":"Connection has been established successfully.","timestamp":"2022-09-10T16:42:43+07:00"}
{"level":"\u001b[32minfo\u001b[39m","message":"Server is running at http://localhost:5000","timestamp":"2022-09-10T16:43:02+07:00"}
{"level":"\u001b[32minfo\u001b[39m","message":"Connection has been established successfully.","timestamp":"2022-09-10T16:43:02+07:00"}
{"level":"\u001b[32minfo\u001b[39m","message":"Server is running at http://localhost:5000","timestamp":"2022-09-10T16:43:09+07:00"}
{"level":"\u001b[32minfo\u001b[39m","message":"Connection has been established successfully.","timestamp":"2022-09-10T16:43:09+07:00"}
{"level":"\u001b[32minfo\u001b[39m","message":"Server is running at http://localhost:5000","timestamp":"2022-09-10T16:43:11+07:00"}
{"level":"\u001b[32minfo\u001b[39m","message":"Connection has been established successfully.","timestamp":"2022-09-10T16:43:11+07:00"}
{"level":"\u001b[32minfo\u001b[39m","message":"Server is running at http://localhost:5000","timestamp":"2022-09-10T16:43:15+07:00"}
{"level":"\u001b[32minfo\u001b[39m","message":"Connection has been established successfully.","timestamp":"2022-09-10T16:43:15+07:00"}
{"level":"\u001b[32minfo\u001b[39m","message":"Server is running at http://localhost:5000","timestamp":"2022-09-10T16:43:17+07:00"}
{"level":"\u001b[32minfo\u001b[39m","message":"Connection has been established successfully.","timestamp":"2022-09-10T16:43:17+07:00"}
{"level":"\u001b[32minfo\u001b[39m","message":"Server is running at http://localhost:5000","timestamp":"2022-09-10T16:43:21+07:00"}
{"level":"\u001b[32minfo\u001b[39m","message":"Connection has been established successfully.","timestamp":"2022-09-10T16:43:21+07:00"}
{"level":"\u001b[32minfo\u001b[39m","message":"Server is running at http://localhost:5000","timestamp":"2022-09-10T16:43:23+07:00"}
{"level":"\u001b[32minfo\u001b[39m","message":"Connection has been established successfully.","timestamp":"2022-09-10T16:43:23+07:00"}
{"level":"\u001b[32minfo\u001b[39m","message":"Server is running at http://localhost:5000","timestamp":"2022-09-10T16:43:26+07:00"}
{"level":"\u001b[32minfo\u001b[39m","message":"Connection has been established successfully.","timestamp":"2022-09-10T16:43:27+07:00"}
{"level":"\u001b[32minfo\u001b[39m","message":"Server is running at http://localhost:5000","timestamp":"2022-09-10T16:43:28+07:00"}
{"level":"\u001b[32minfo\u001b[39m","message":"Connection has been established successfully.","timestamp":"2022-09-10T16:43:29+07:00"}
{"level":"\u001b[32minfo\u001b[39m","message":"::1 - - [10/Sep/2022:09:43:33 +0000] \"GET /api/categories HTTP/1.1\" 200 205 \"-\" \"PostmanRuntime/7.29.2\"\n","timestamp":"2022-09-10T16:43:33+07:00"}
{"level":"\u001b[32minfo\u001b[39m","message":"::1 - - [10/Sep/2022:09:43:38 +0000] \"GET /api/category/3eefeb40-f548-4d05-a024-a4dd7aa7ccb1 HTTP/1.1\" 200 45 \"-\" \"PostmanRuntime/7.29.2\"\n","timestamp":"2022-09-10T16:43:38+07:00"}
{"level":"\u001b[32minfo\u001b[39m","message":"::1 - - [10/Sep/2022:09:44:00 +0000] \"POST /api/category HTTP/1.1\" 500 62 \"-\" \"PostmanRuntime/7.29.2\"\n","timestamp":"2022-09-10T16:44:00+07:00"}
{"level":"\u001b[32minfo\u001b[39m","message":"::1 - - [10/Sep/2022:09:44:17 +0000] \"GET /api/category/3eefeb40-f548-4d05-a024-a4dd7aa7ccbe HTTP/1.1\" 200 45 \"-\" \"PostmanRuntime/7.29.2\"\n","timestamp":"2022-09-10T16:44:17+07:00"}
{"level":"\u001b[32minfo\u001b[39m","message":"::1 - - [10/Sep/2022:09:44:29 +0000] \"GET /api/category/eaf6ae13-aece-40ad-b019-cbb4fd031586 HTTP/1.1\" 200 193 \"-\" \"PostmanRuntime/7.29.2\"\n","timestamp":"2022-09-10T16:44:29+07:00"}
{"level":"\u001b[32minfo\u001b[39m","message":"Server is running at http://localhost:5000","timestamp":"2022-09-10T16:44:48+07:00"}
{"level":"\u001b[32minfo\u001b[39m","message":"Connection has been established successfully.","timestamp":"2022-09-10T16:44:49+07:00"}
{"level":"\u001b[32minfo\u001b[39m","message":"::1 - - [10/Sep/2022:09:44:51 +0000] \"GET /api/category/eaf6ae13-aece-40ad-b019-cbb4fd031586 HTTP/1.1\" 200 193 \"-\" \"PostmanRuntime/7.29.2\"\n","timestamp":"2022-09-10T16:44:51+07:00"}
{"level":"\u001b[32minfo\u001b[39m","message":"::1 - - [10/Sep/2022:09:44:56 +0000] \"GET /api/category/3eefeb40-f548-4d05-a024-a4dd7aa7ccbe HTTP/1.1\" 404 61 \"-\" \"PostmanRuntime/7.29.2\"\n","timestamp":"2022-09-10T16:44:56+07:00"}
{"level":"\u001b[32minfo\u001b[39m","message":"Server is running at http://localhost:5000","timestamp":"2022-09-10T16:45:59+07:00"}
{"level":"\u001b[32minfo\u001b[39m","message":"Connection has been established successfully.","timestamp":"2022-09-10T16:45:59+07:00"}
{"level":"\u001b[32minfo\u001b[39m","message":"Server is running at http://localhost:5000","timestamp":"2022-09-10T16:46:26+07:00"}
{"level":"\u001b[32minfo\u001b[39m","message":"Connection has been established successfully.","timestamp":"2022-09-10T16:46:27+07:00"}
{"level":"\u001b[32minfo\u001b[39m","message":"Server is running at http://localhost:5000","timestamp":"2022-09-10T16:46:59+07:00"}
{"level":"\u001b[32minfo\u001b[39m","message":"Connection has been established successfully.","timestamp":"2022-09-10T16:47:00+07:00"}
{"level":"\u001b[32minfo\u001b[39m","message":"Server is running at http://localhost:5000","timestamp":"2022-09-10T16:47:14+07:00"}
{"level":"\u001b[32minfo\u001b[39m","message":"Connection has been established successfully.","timestamp":"2022-09-10T16:47:14+07:00"}
{"level":"\u001b[32minfo\u001b[39m","message":"Server is running at http://localhost:5000","timestamp":"2022-09-10T16:47:18+07:00"}
{"level":"\u001b[32minfo\u001b[39m","message":"Connection has been established successfully.","timestamp":"2022-09-10T16:47:18+07:00"}
{"level":"\u001b[32minfo\u001b[39m","message":"Server is running at http://localhost:5000","timestamp":"2022-09-10T16:47:22+07:00"}
{"level":"\u001b[32minfo\u001b[39m","message":"Connection has been established successfully.","timestamp":"2022-09-10T16:47:22+07:00"}
{"level":"\u001b[32minfo\u001b[39m","message":"Server is running at http://localhost:5000","timestamp":"2022-09-10T16:47:29+07:00"}
{"level":"\u001b[32minfo\u001b[39m","message":"Connection has been established successfully.","timestamp":"2022-09-10T16:47:29+07:00"}
{"level":"\u001b[32minfo\u001b[39m","message":"Server is running at http://localhost:5000","timestamp":"2022-09-10T16:47:35+07:00"}
{"level":"\u001b[32minfo\u001b[39m","message":"Connection has been established successfully.","timestamp":"2022-09-10T16:47:35+07:00"}
{"level":"\u001b[32minfo\u001b[39m","message":"Server is running at http://localhost:5000","timestamp":"2022-09-10T16:47:42+07:00"}
{"level":"\u001b[32minfo\u001b[39m","message":"Connection has been established successfully.","timestamp":"2022-09-10T16:47:42+07:00"}
{"level":"\u001b[32minfo\u001b[39m","message":"Server is running at http://localhost:5000","timestamp":"2022-09-10T16:47:46+07:00"}
{"level":"\u001b[32minfo\u001b[39m","message":"Connection has been established successfully.","timestamp":"2022-09-10T16:47:46+07:00"}
{"level":"\u001b[32minfo\u001b[39m","message":"Server is running at http://localhost:5000","timestamp":"2022-09-10T16:47:48+07:00"}
{"level":"\u001b[32minfo\u001b[39m","message":"Connection has been established successfully.","timestamp":"2022-09-10T16:47:48+07:00"}
{"level":"\u001b[32minfo\u001b[39m","message":"Server is running at http://localhost:5000","timestamp":"2022-09-10T16:47:55+07:00"}
{"level":"\u001b[32minfo\u001b[39m","message":"Connection has been established successfully.","timestamp":"2022-09-10T16:47:55+07:00"}
{"level":"\u001b[32minfo\u001b[39m","message":"Server is running at http://localhost:5000","timestamp":"2022-09-10T16:47:57+07:00"}
{"level":"\u001b[32minfo\u001b[39m","message":"Connection has been established successfully.","timestamp":"2022-09-10T16:47:57+07:00"}
{"level":"\u001b[32minfo\u001b[39m","message":"Server is running at http://localhost:5000","timestamp":"2022-09-10T16:48:02+07:00"}
{"level":"\u001b[32minfo\u001b[39m","message":"Connection has been established successfully.","timestamp":"2022-09-10T16:48:02+07:00"}
{"level":"\u001b[32minfo\u001b[39m","message":"Server is running at http://localhost:5000","timestamp":"2022-09-10T16:48:07+07:00"}
{"level":"\u001b[32minfo\u001b[39m","message":"Connection has been established successfully.","timestamp":"2022-09-10T16:48:07+07:00"}
{"level":"\u001b[32minfo\u001b[39m","message":"Server is running at http://localhost:5000","timestamp":"2022-09-10T16:48:13+07:00"}
{"level":"\u001b[32minfo\u001b[39m","message":"Connection has been established successfully.","timestamp":"2022-09-10T16:48:13+07:00"}
{"level":"\u001b[32minfo\u001b[39m","message":"Server is running at http://localhost:5000","timestamp":"2022-09-10T16:48:16+07:00"}
{"level":"\u001b[32minfo\u001b[39m","message":"Connection has been established successfully.","timestamp":"2022-09-10T16:48:16+07:00"}
{"level":"\u001b[32minfo\u001b[39m","message":"Server is running at http://localhost:5000","timestamp":"2022-09-10T16:48:21+07:00"}
{"level":"\u001b[32minfo\u001b[39m","message":"Connection has been established successfully.","timestamp":"2022-09-10T16:48:21+07:00"}
{"level":"\u001b[32minfo\u001b[39m","message":"Server is running at http://localhost:5000","timestamp":"2022-09-10T16:48:33+07:00"}
{"level":"\u001b[32minfo\u001b[39m","message":"Connection has been established successfully.","timestamp":"2022-09-10T16:48:33+07:00"}
{"level":"\u001b[32minfo\u001b[39m","message":"Server is running at http://localhost:5000","timestamp":"2022-09-10T16:48:44+07:00"}
{"level":"\u001b[32minfo\u001b[39m","message":"Connection has been established successfully.","timestamp":"2022-09-10T16:48:44+07:00"}
{"level":"\u001b[32minfo\u001b[39m","message":"Server is running at http://localhost:5000","timestamp":"2022-09-10T16:48:56+07:00"}
{"level":"\u001b[32minfo\u001b[39m","message":"Connection has been established successfully.","timestamp":"2022-09-10T16:48:57+07:00"}
{"level":"\u001b[32minfo\u001b[39m","message":"Server is running at http://localhost:5000","timestamp":"2022-09-10T16:49:01+07:00"}
{"level":"\u001b[32minfo\u001b[39m","message":"Connection has been established successfully.","timestamp":"2022-09-10T16:49:01+07:00"}
{"level":"\u001b[32minfo\u001b[39m","message":"::1 - - [10/Sep/2022:09:49:26 +0000] \"GET /api/products HTTP/1.1\" 200 52 \"-\" \"PostmanRuntime/7.29.2\"\n","timestamp":"2022-09-10T16:49:26+07:00"}
{"level":"\u001b[32minfo\u001b[39m","message":"Server is running at http://localhost:5000","timestamp":"2022-09-10T16:50:11+07:00"}
{"level":"\u001b[32minfo\u001b[39m","message":"Connection has been established successfully.","timestamp":"2022-09-10T16:50:12+07:00"}
{"level":"\u001b[32minfo\u001b[39m","message":"::1 - - [10/Sep/2022:09:50:44 +0000] \"GET /api/products HTTP/1.1\" 200 52 \"-\" \"PostmanRuntime/7.29.2\"\n","timestamp":"2022-09-10T16:50:44+07:00"}
{"level":"\u001b[32minfo\u001b[39m","message":"::1 - - [10/Sep/2022:09:52:16 +0000] \"POST /api/product HTTP/1.1\" 400 85 \"-\" \"PostmanRuntime/7.29.2\"\n","timestamp":"2022-09-10T16:52:16+07:00"}
{"level":"\u001b[32minfo\u001b[39m","message":"::1 - - [10/Sep/2022:09:53:26 +0000] \"POST /api/product HTTP/1.1\" 400 86 \"-\" \"PostmanRuntime/7.29.2\"\n","timestamp":"2022-09-10T16:53:26+07:00"}
{"level":"\u001b[32minfo\u001b[39m","message":"Server is running at http://localhost:5000","timestamp":"2022-09-10T16:53:49+07:00"}
{"level":"\u001b[32minfo\u001b[39m","message":"Connection has been established successfully.","timestamp":"2022-09-10T16:53:49+07:00"}
{"level":"\u001b[32minfo\u001b[39m","message":"Server is running at http://localhost:5000","timestamp":"2022-09-10T16:54:55+07:00"}
{"level":"\u001b[32minfo\u001b[39m","message":"Connection has been established successfully.","timestamp":"2022-09-10T16:54:56+07:00"}
{"level":"\u001b[32minfo\u001b[39m","message":"Server is running at http://localhost:5000","timestamp":"2022-09-10T16:55:19+07:00"}
{"level":"\u001b[32minfo\u001b[39m","message":"Connection has been established successfully.","timestamp":"2022-09-10T16:55:19+07:00"}
{"level":"\u001b[32minfo\u001b[39m","message":"::1 - - [10/Sep/2022:09:55:22 +0000] \"GET /api/categories HTTP/1.1\" 200 205 \"-\" \"PostmanRuntime/7.29.2\"\n","timestamp":"2022-09-10T16:55:22+07:00"}
{"level":"\u001b[32minfo\u001b[39m","message":"::1 - - [10/Sep/2022:09:55:42 +0000] \"GET /api/sub-categories HTTP/1.1\" 200 243 \"-\" \"PostmanRuntime/7.29.2\"\n","timestamp":"2022-09-10T16:55:42+07:00"}
{"level":"\u001b[32minfo\u001b[39m","message":"::1 - - [10/Sep/2022:09:55:52 +0000] \"POST /api/product HTTP/1.1\" 201 488 \"-\" \"PostmanRuntime/7.29.2\"\n","timestamp":"2022-09-10T16:55:52+07:00"}
{"level":"\u001b[32minfo\u001b[39m","message":"::1 - - [10/Sep/2022:09:55:59 +0000] \"GET /api/products HTTP/1.1\" 200 500 \"-\" \"PostmanRuntime/7.29.2\"\n","timestamp":"2022-09-10T16:55:59+07:00"}
{"level":"\u001b[32minfo\u001b[39m","message":"::1 - - [10/Sep/2022:09:56:14 +0000] \"GET /api/product/c1bb597d-76ac-4079-943f-a2297f320464 HTTP/1.1\" 200 488 \"-\" \"PostmanRuntime/7.29.2\"\n","timestamp":"2022-09-10T16:56:14+07:00"}
{"level":"\u001b[32minfo\u001b[39m","message":"::1 - - [10/Sep/2022:09:56:20 +0000] \"GET /api/product/c1bb597d-76ac-4079-943f-a2297f320461 HTTP/1.1\" 404 60 \"-\" \"PostmanRuntime/7.29.2\"\n","timestamp":"2022-09-10T16:56:20+07:00"}
{"level":"\u001b[32minfo\u001b[39m","message":"::1 - - [10/Sep/2022:09:57:08 +0000] \"PUT /api/product/c1bb597d-76ac-4079-943f-a2297f320464 HTTP/1.1\" 200 506 \"-\" \"PostmanRuntime/7.29.2\"\n","timestamp":"2022-09-10T16:57:08+07:00"}
{"level":"\u001b[32minfo\u001b[39m","message":"::1 - - [10/Sep/2022:09:57:16 +0000] \"DELETE /api/product/c1bb597d-76ac-4079-943f-a2297f320464 HTTP/1.1\" 200 69 \"-\" \"PostmanRuntime/7.29.2\"\n","timestamp":"2022-09-10T16:57:16+07:00"}
{"level":"\u001b[32minfo\u001b[39m","message":"Server is running at http://localhost:5000","timestamp":"2022-09-10T16:58:31+07:00"}
{"level":"\u001b[32minfo\u001b[39m","message":"Connection has been established successfully.","timestamp":"2022-09-10T16:58:32+07:00"}
{"level":"\u001b[32minfo\u001b[39m","message":"Server is running at http://localhost:5000","timestamp":"2022-09-10T16:58:41+07:00"}
{"level":"\u001b[32minfo\u001b[39m","message":"Connection has been established successfully.","timestamp":"2022-09-10T16:58:41+07:00"}
{"level":"\u001b[32minfo\u001b[39m","message":"Server is running at http://localhost:5000","timestamp":"2022-09-10T16:59:01+07:00"}
{"level":"\u001b[32minfo\u001b[39m","message":"Connection has been established successfully.","timestamp":"2022-09-10T16:59:01+07:00"}
{"level":"\u001b[32minfo\u001b[39m","message":"Server is running at http://localhost:5000","timestamp":"2022-09-10T16:59:14+07:00"}
{"level":"\u001b[32minfo\u001b[39m","message":"Connection has been established successfully.","timestamp":"2022-09-10T16:59:15+07:00"}
{"level":"\u001b[32minfo\u001b[39m","message":"::1 - - [10/Sep/2022:09:59:28 +0000] \"PUT /api/product/c1bb597d-76ac-4079-943f-a2297f320464 HTTP/1.1\" 404 60 \"-\" \"PostmanRuntime/7.29.2\"\n","timestamp":"2022-09-10T16:59:28+07:00"}
{"level":"\u001b[32minfo\u001b[39m","message":"::1 - - [10/Sep/2022:09:59:38 +0000] \"PUT /api/product/c1bb597d-76ac-4079-943f-a2297f320464 HTTP/1.1\" 404 60 \"-\" \"PostmanRuntime/7.29.2\"\n","timestamp":"2022-09-10T16:59:38+07:00"}
{"level":"\u001b[32minfo\u001b[39m","message":"Server is running at http://localhost:5000","timestamp":"2022-09-10T17:00:43+07:00"}
{"level":"\u001b[32minfo\u001b[39m","message":"Connection has been established successfully.","timestamp":"2022-09-10T17:00:44+07:00"}
{"level":"\u001b[32minfo\u001b[39m","message":"Server is running at http://localhost:5000","timestamp":"2022-09-10T17:01:07+07:00"}
{"level":"\u001b[32minfo\u001b[39m","message":"Connection has been established successfully.","timestamp":"2022-09-10T17:01:07+07:00"}
{"level":"\u001b[32minfo\u001b[39m","message":"Server is running at http://localhost:5000","timestamp":"2022-09-10T17:01:17+07:00"}
{"level":"\u001b[32minfo\u001b[39m","message":"Connection has been established successfully.","timestamp":"2022-09-10T17:01:18+07:00"}
{"level":"\u001b[32minfo\u001b[39m","message":"Server is running at http://localhost:5000","timestamp":"2022-09-10T17:01:29+07:00"}
{"level":"\u001b[32minfo\u001b[39m","message":"Connection has been established successfully.","timestamp":"2022-09-10T17:01:29+07:00"}
{"level":"\u001b[32minfo\u001b[39m","message":"Server is running at http://localhost:5000","timestamp":"2022-09-10T17:02:09+07:00"}
{"level":"\u001b[32minfo\u001b[39m","message":"Connection has been established successfully.","timestamp":"2022-09-10T17:02:09+07:00"}
{"level":"\u001b[32minfo\u001b[39m","message":"::1 - - [10/Sep/2022:10:02:12 +0000] \"POST /api/product HTTP/1.1\" 201 488 \"-\" \"PostmanRuntime/7.29.2\"\n","timestamp":"2022-09-10T17:02:12+07:00"}
{"level":"\u001b[32minfo\u001b[39m","message":"::1 - - [10/Sep/2022:10:02:18 +0000] \"POST /api/product HTTP/1.1\" 404 61 \"-\" \"PostmanRuntime/7.29.2\"\n","timestamp":"2022-09-10T17:02:18+07:00"}
{"level":"\u001b[32minfo\u001b[39m","message":"Connection has been established successfully.","timestamp":"2022-09-24T22:08:35+07:00"}
{"level":"\u001b[32minfo\u001b[39m","message":"Connection has been established successfully.","timestamp":"2022-09-25T07:23:38+07:00"}
{"level":"\u001b[32minfo\u001b[39m","message":"Connection has been established successfully.","timestamp":"2022-09-25T07:28:33+07:00"}
{"level":"\u001b[32minfo\u001b[39m","message":"Connection has been established successfully.","timestamp":"2022-09-25T07:29:18+07:00"}
{"level":"\u001b[32minfo\u001b[39m","message":"Connection has been established successfully.","timestamp":"2022-09-25T07:40:28+07:00"}
{"level":"\u001b[32minfo\u001b[39m","message":"Connection has been established successfully.","timestamp":"2022-09-25T07:41:05+07:00"}
{"level":"\u001b[32minfo\u001b[39m","message":"Connection has been established successfully.","timestamp":"2022-09-25T07:44:27+07:00"}
{"level":"\u001b[32minfo\u001b[39m","message":"Server is running at localhost:3000","timestamp":"2022-09-25T07:47:41+07:00"}
{"level":"\u001b[32minfo\u001b[39m","message":"Connection has been established successfully.","timestamp":"2022-09-25T07:47:41+07:00"}
{"level":"\u001b[32minfo\u001b[39m","message":"Server is running at localhost:3000","timestamp":"2022-09-25T07:58:03+07:00"}
{"level":"\u001b[32minfo\u001b[39m","message":"Connection has been established successfully.","timestamp":"2022-09-25T07:58:03+07:00"}
{"level":"\u001b[32minfo\u001b[39m","message":"Server is running at localhost:3000","timestamp":"2022-09-25T09:29:34+07:00"}
{"level":"\u001b[32minfo\u001b[39m","message":"Connection has been established successfully.","timestamp":"2022-09-25T09:29:34+07:00"}
{"level":"\u001b[32minfo\u001b[39m","message":"Server is running at localhost:3000","timestamp":"2022-09-25T09:30:29+07:00"}
{"level":"\u001b[32minfo\u001b[39m","message":"Connection has been established successfully.","timestamp":"2022-09-25T09:30:29+07:00"}
{"level":"\u001b[32minfo\u001b[39m","message":"::1 - - [25/Sep/2022:02:31:48 +0000] \"POST /customer/register HTTP/1.1\" 500 100 \"-\" \"PostmanRuntime/7.29.2\"\n","timestamp":"2022-09-25T09:31:48+07:00"}
{"level":"\u001b[32minfo\u001b[39m","message":"::1 - - [25/Sep/2022:02:32:40 +0000] \"POST /customer/register HTTP/1.1\" 500 100 \"-\" \"PostmanRuntime/7.29.2\"\n","timestamp":"2022-09-25T09:32:40+07:00"}
{"level":"\u001b[32minfo\u001b[39m","message":"::1 - - [25/Sep/2022:02:35:11 +0000] \"POST /customer/ HTTP/1.1\" 500 100 \"-\" \"PostmanRuntime/7.29.2\"\n","timestamp":"2022-09-25T09:35:11+07:00"}
{"level":"\u001b[32minfo\u001b[39m","message":"::1 - - [25/Sep/2022:02:36:10 +0000] \"POST /customer/ HTTP/1.1\" 500 100 \"-\" \"PostmanRuntime/7.29.2\"\n","timestamp":"2022-09-25T09:36:10+07:00"}
{"level":"\u001b[32minfo\u001b[39m","message":"Server is running at localhost:3000","timestamp":"2022-09-25T09:41:38+07:00"}
{"level":"\u001b[32minfo\u001b[39m","message":"Connection has been established successfully.","timestamp":"2022-09-25T09:41:38+07:00"}
{"level":"\u001b[32minfo\u001b[39m","message":"::1 - - [25/Sep/2022:02:41:43 +0000] \"POST /customer/ HTTP/1.1\" 500 100 \"-\" \"PostmanRuntime/7.29.2\"\n","timestamp":"2022-09-25T09:41:43+07:00"}
{"level":"\u001b[32minfo\u001b[39m","message":"Server is running at localhost:3000","timestamp":"2022-09-25T09:41:53+07:00"}
{"level":"\u001b[32minfo\u001b[39m","message":"Connection has been established successfully.","timestamp":"2022-09-25T09:41:53+07:00"}
{"level":"\u001b[32minfo\u001b[39m","message":"::1 - - [25/Sep/2022:02:42:24 +0000] \"POST /customer/ HTTP/1.1\" 500 100 \"-\" \"PostmanRuntime/7.29.2\"\n","timestamp":"2022-09-25T09:42:24+07:00"}
